生成启动时间为 2017/5/27 16:39:23。
     1>项目“C:\Users\Administrator\documents\visual studio 2013\Projects\KruskalMinTree\KruskalMinTree\KruskalMinTree.vcxproj”在节点 2 上(Build 个目标)。
     1>ClCompile:
         C:\Program Files (x86)\Microsoft Visual Studio 12.0\VC\bin\CL.exe /c /ZI /nologo /W3 /WX- /sdl /Od /Oy- /D WIN32 /D _DEBUG /D _CONSOLE /D _LIB /D _UNICODE /D UNICODE /Gm /EHsc /RTC1 /MDd /GS /fp:precise /Zc:wchar_t /Zc:forScope /Yu"stdafx.h" /Fp"Debug\KruskalMinTree.pch" /Fo"Debug\\" /Fd"Debug\vc120.pdb" /Gd /TP /analyze- /errorReport:prompt CMap.cpp
         CMap.cpp
     1>c:\users\administrator\documents\visual studio 2013\projects\kruskalmintree\kruskalmintree\cmap.cpp(94): warning C4018: “<”: 有符号/无符号不匹配
     1>c:\users\administrator\documents\visual studio 2013\projects\kruskalmintree\kruskalmintree\cmap.cpp(109): warning C4018: “<”: 有符号/无符号不匹配
     1>c:\users\administrator\documents\visual studio 2013\projects\kruskalmintree\kruskalmintree\cmap.cpp(171): warning C4018: “<”: 有符号/无符号不匹配
     1>c:\users\administrator\documents\visual studio 2013\projects\kruskalmintree\kruskalmintree\cmap.cpp(180): warning C4018: “<”: 有符号/无符号不匹配
     1>c:\users\administrator\documents\visual studio 2013\projects\kruskalmintree\kruskalmintree\cmap.cpp(244): warning C4018: “<”: 有符号/无符号不匹配
     1>c:\users\administrator\documents\visual studio 2013\projects\kruskalmintree\kruskalmintree\cmap.cpp(257): warning C4018: “<”: 有符号/无符号不匹配
       Link:
         C:\Program Files (x86)\Microsoft Visual Studio 12.0\VC\bin\link.exe /ERRORREPORT:PROMPT /OUT:"C:\Users\Administrator\documents\visual studio 2013\Projects\KruskalMinTree\Debug\KruskalMinTree.exe" /INCREMENTAL /NOLOGO kernel32.lib user32.lib gdi32.lib winspool.lib comdlg32.lib advapi32.lib shell32.lib ole32.lib oleaut32.lib uuid.lib odbc32.lib odbccp32.lib /MANIFEST /MANIFESTUAC:"level='asInvoker' uiAccess='false'" /manifest:embed /DEBUG /PDB:"C:\Users\Administrator\documents\visual studio 2013\Projects\KruskalMinTree\Debug\KruskalMinTree.pdb" /SUBSYSTEM:CONSOLE /TLBID:1 /DYNAMICBASE /NXCOMPAT /IMPLIB:"C:\Users\Administrator\documents\visual studio 2013\Projects\KruskalMinTree\Debug\KruskalMinTree.lib" /MACHINE:X86 Debug\CMap.obj
         Debug\Edge.obj
         Debug\KruskalMinTree.obj
         Debug\Node.obj
         Debug\stdafx.obj
         KruskalMinTree.vcxproj -> C:\Users\Administrator\documents\visual studio 2013\Projects\KruskalMinTree\Debug\KruskalMinTree.exe
     1>已完成生成项目“C:\Users\Administrator\documents\visual studio 2013\Projects\KruskalMinTree\KruskalMinTree\KruskalMinTree.vcxproj”(Build 个目标)的操作。

生成成功。

已用时间 00:00:01.79
